-------------------------------------------------------------------------------
Test set: com.tajawal.test.runCukes.posthotelsearch.TC001_PostHotelSearchTest
-------------------------------------------------------------------------------
Tests run: 13, Failures: 2, Errors: 0, Skipped: 0, Time elapsed: 1.519 sec <<< FAILURE!
Then Verify no cookies available in hotel-search response(| TC001_hotel-search_TD1 | 7 | 14 | Paris | ChIJD7fiBh9u5kcRYJSMaMOCCwQ | 2_ADT-1_CHD@3 | 3_ADT |)  Time elapsed: 0.001 sec  <<< FAILURE!
java.lang.AssertionError: Session not created as cookies are available expected:<0> but was:<5>
	at org.junit.Assert.fail(Assert.java:88)
	at org.junit.Assert.failNotEquals(Assert.java:743)
	at org.junit.Assert.assertEquals(Assert.java:118)
	at org.junit.Assert.assertEquals(Assert.java:555)
	at com.tajawal.test.steps.tajawalservicesimpl.HotelSearchSteps.verify_no_cookies_available_in_hotel_search_response(HotelSearchSteps.java:130)
	at ✽.Then Verify no cookies available in hotel-search response(src/test/resources/features/services/hotel-search.feature:16)

| TC001_hotel-search_TD1 | 7 | 14 | Paris | ChIJD7fiBh9u5kcRYJSMaMOCCwQ | 2_ADT-1_CHD@3 | 3_ADT |  Time elapsed: 0.001 sec  <<< FAILURE!
java.lang.AssertionError: Session not created as cookies are available expected:<0> but was:<5>
	at org.junit.Assert.fail(Assert.java:88)
	at org.junit.Assert.failNotEquals(Assert.java:743)
	at org.junit.Assert.assertEquals(Assert.java:118)
	at org.junit.Assert.assertEquals(Assert.java:555)
	at com.tajawal.test.steps.tajawalservicesimpl.HotelSearchSteps.verify_no_cookies_available_in_hotel_search_response(HotelSearchSteps.java:130)
	at ✽.Then Verify no cookies available in hotel-search response(src/test/resources/features/services/hotel-search.feature:16)

