<?xml version="1.0" encoding="UTF-8" ?>
<testsuite tests="12" failures="2" name="com.tajawal.test.runCukes.posthotelsearch.TC004_PostHotelSearchTest" time="0" errors="0" skipped="0">
  <properties>
[...]
</properties>
  <testcase classname="| TC004_hotel-search_TD1 | 7 | 14 | Paris | ChIJD7fiBh9u5kcRYJSMaMOCCwQ |  |" name="Given create the request with date from next &quot;7&quot; days to &quot;14&quot; days and destination &quot;Paris&quot; and placeid &quot;ChIJD7fiBh9u5kcRYJSMaMOCCwQ&quot; for scenario &quot;TC004_hotel-search_TD1&quot;" time="0"/>
  <testcase classname="| TC004_hotel-search_TD1 | 7 | 14 | Paris | ChIJD7fiBh9u5kcRYJSMaMOCCwQ |  |" name="And add room with &quot;&quot;" time="0"/>
  <testcase classname="| TC004_hotel-search_TD1 | 7 | 14 | Paris | ChIJD7fiBh9u5kcRYJSMaMOCCwQ |  |" name="And Send the hotel-search request" time="0"/>
  <testcase classname="| TC004_hotel-search_TD1 | 7 | 14 | Paris | ChIJD7fiBh9u5kcRYJSMaMOCCwQ |  |" name="Then Verify the hotel-search service status code" time="0"/>
  <testcase classname="| TC004_hotel-search_TD1 | 7 | 14 | Paris | ChIJD7fiBh9u5kcRYJSMaMOCCwQ |  |" name="Then Verify the hotel-search service response schema" time="0"/>
  <testcase classname="| TC004_hotel-search_TD1 | 7 | 14 | Paris | ChIJD7fiBh9u5kcRYJSMaMOCCwQ |  |" name="Then Verify the hotel-search service response headers and primary cookies" time="0"/>
  <testcase classname="| TC004_hotel-search_TD1 | 7 | 14 | Paris | ChIJD7fiBh9u5kcRYJSMaMOCCwQ |  |" name="Then Verify the hotel-search service response data" time="0"/>
  <testcase classname="| TC004_hotel-search_TD1 | 7 | 14 | Paris | ChIJD7fiBh9u5kcRYJSMaMOCCwQ |  |" name="Given Send the hotel-search service request with primary cookies" time="0"/>
  <testcase classname="| TC004_hotel-search_TD1 | 7 | 14 | Paris | ChIJD7fiBh9u5kcRYJSMaMOCCwQ |  |" name="Then Verify the hotel-search service response header" time="0"/>
  <testcase classname="| TC004_hotel-search_TD1 | 7 | 14 | Paris | ChIJD7fiBh9u5kcRYJSMaMOCCwQ |  |" name="Then compare the hotel-search service response data with primary response" time="0"/>
  <testcase classname="| TC004_hotel-search_TD1 | 7 | 14 | Paris | ChIJD7fiBh9u5kcRYJSMaMOCCwQ |  |" name="Then Verify no cookies available in hotel-search response" time="0">
    <failure message="Session not created as cookies are available expected:&lt;0&gt; but was:&lt;5&gt;" type="java.lang.AssertionError">java.lang.AssertionError: Session not created as cookies are available expected:&lt;0&gt; but was:&lt;5&gt;
	at org.junit.Assert.fail(Assert.java:88)
	at org.junit.Assert.failNotEquals(Assert.java:743)
	at org.junit.Assert.assertEquals(Assert.java:118)
	at org.junit.Assert.assertEquals(Assert.java:555)
	at com.tajawal.test.steps.tajawalservicesimpl.HotelSearchSteps.verify_no_cookies_available_in_hotel_search_response(HotelSearchSteps.java:130)
	at ✽.Then Verify no cookies available in hotel-search response(src/test/resources/features/services/hotel-search.feature:60)
</failure>
  </testcase>
  <testcase classname="| TC004_hotel-search_TD1 | 7 | 14 | Paris | ChIJD7fiBh9u5kcRYJSMaMOCCwQ |  |" name="| TC004_hotel-search_TD1 | 7 | 14 | Paris | ChIJD7fiBh9u5kcRYJSMaMOCCwQ |  |" time="0">
    <failure message="Session not created as cookies are available expected:&lt;0&gt; but was:&lt;5&gt;" type="java.lang.AssertionError">java.lang.AssertionError: Session not created as cookies are available expected:&lt;0&gt; but was:&lt;5&gt;
	at org.junit.Assert.fail(Assert.java:88)
	at org.junit.Assert.failNotEquals(Assert.java:743)
	at org.junit.Assert.assertEquals(Assert.java:118)
	at org.junit.Assert.assertEquals(Assert.java:555)
	at com.tajawal.test.steps.tajawalservicesimpl.HotelSearchSteps.verify_no_cookies_available_in_hotel_search_response(HotelSearchSteps.java:130)
	at ✽.Then Verify no cookies available in hotel-search response(src/test/resources/features/services/hotel-search.feature:60)
</failure>
  </testcase>
</testsuite>