<?xml version="1.0" encoding="UTF-8" ?>
<testsuite tests="12" failures="2" name="com.tajawal.test.runCukes.posthotelsearch.TC004_PostHotelSearchTest" time="0" errors="0" skipped="0">
  <properties>
    <property name="java.runtime.name" value="Java(TM) SE Runtime Environment"/>
    <property name="sun.boot.library.path" value="/Library/Java/JavaVirtualMachines/jdk1.8.0_144.jdk/Contents/Home/jre/lib"/>
    <property name="java.vm.version" value="25.144-b01"/>
    <property name="gopherProxySet" value="false"/>
    <property name="java.vm.vendor" value="Oracle Corporation"/>
    <property name="maven.multiModuleProjectDirectory" value="/Users/meherchandan/Documents/tajawal/Dex_Lemax"/>
    <property name="java.vendor.url" value="http://java.oracle.com/"/>
    <property name="path.separator" value=":"/>
    <property name="guice.disable.misplaced.annotation.check" value="true"/>
    <property name="java.vm.name" value="Java HotSpot(TM) 64-Bit Server VM"/>
    <property name="file.encoding.pkg" value="sun.io"/>
    <property name="user.country" value="US"/>
    <property name="sun.java.launcher" value="SUN_STANDARD"/>
    <property name="sun.os.patch.level" value="unknown"/>
    <property name="java.vm.specification.name" value="Java Virtual Machine Specification"/>
    <property name="user.dir" value="/Users/meherchandan/Documents/tajawal/Dex_Lemax"/>
    <property name="java.runtime.version" value="1.8.0_144-b01"/>
    <property name="java.awt.graphicsenv" value="sun.awt.CGraphicsEnvironment"/>
    <property name="java.endorsed.dirs" value="/Library/Java/JavaVirtualMachines/jdk1.8.0_144.jdk/Contents/Home/jre/lib/endorsed"/>
    <property name="os.arch" value="x86_64"/>
    <property name="java.io.tmpdir" value="/var/folders/rd/5v6yn_g50jn41848qb0fxr1w0000gn/T/"/>
    <property name="line.separator" value="
"/>
    <property name="java.vm.specification.vendor" value="Oracle Corporation"/>
    <property name="os.name" value="Mac OS X"/>
    <property name="classworlds.conf" value="/Users/meherchandan/apache-maven-3.5.2/bin/m2.conf"/>
    <property name="sun.jnu.encoding" value="UTF-8"/>
    <property name="java.library.path" value="/Users/meherchandan/Library/Java/Extensions:/Library/Java/Extensions:/Network/Library/Java/Extensions:/System/Library/Java/Extensions:/usr/lib/java:."/>
    <property name="maven.conf" value="/Users/meherchandan/apache-maven-3.5.2/conf"/>
    <property name="java.specification.name" value="Java Platform API Specification"/>
    <property name="java.class.version" value="52.0"/>
    <property name="sun.management.compiler" value="HotSpot 64-Bit Tiered Compilers"/>
    <property name="os.version" value="10.14.6"/>
    <property name="library.jansi.path" value="/Users/meherchandan/apache-maven-3.5.2/lib/jansi-native"/>
    <property name="http.nonProxyHosts" value="local|*.local|169.254/16|*.169.254/16"/>
    <property name="user.home" value="/Users/meherchandan"/>
    <property name="user.timezone" value="Asia/Dubai"/>
    <property name="java.awt.printerjob" value="sun.lwawt.macosx.CPrinterJob"/>
    <property name="java.specification.version" value="1.8"/>
    <property name="file.encoding" value="UTF-8"/>
    <property name="user.name" value="meherchandan"/>
    <property name="java.class.path" value="/Users/meherchandan/apache-maven-3.5.2/boot/plexus-classworlds-2.5.2.jar"/>
    <property name="java.vm.specification.version" value="1.8"/>
    <property name="sun.arch.data.model" value="64"/>
    <property name="java.home" value="/Library/Java/JavaVirtualMachines/jdk1.8.0_144.jdk/Contents/Home/jre"/>
    <property name="sun.java.command" value="org.codehaus.plexus.classworlds.launcher.Launcher clean test"/>
    <property name="java.specification.vendor" value="Oracle Corporation"/>
    <property name="user.language" value="en"/>
    <property name="awt.toolkit" value="sun.lwawt.macosx.LWCToolkit"/>
    <property name="java.vm.info" value="mixed mode"/>
    <property name="java.version" value="1.8.0_144"/>
    <property name="java.ext.dirs" value="/Users/meherchandan/Library/Java/Extensions:/Library/Java/JavaVirtualMachines/jdk1.8.0_144.jdk/Contents/Home/jre/lib/ext:/Library/Java/Extensions:/Network/Library/Java/Extensions:/System/Library/Java/Extensions:/usr/lib/java"/>
    <property name="sun.boot.class.path" value="/Library/Java/JavaVirtualMachines/jdk1.8.0_144.jdk/Contents/Home/jre/lib/resources.jar:/Library/Java/JavaVirtualMachines/jdk1.8.0_144.jdk/Contents/Home/jre/lib/rt.jar:/Library/Java/JavaVirtualMachines/jdk1.8.0_144.jdk/Contents/Home/jre/lib/sunrsasign.jar:/Library/Java/JavaVirtualMachines/jdk1.8.0_144.jdk/Contents/Home/jre/lib/jsse.jar:/Library/Java/JavaVirtualMachines/jdk1.8.0_144.jdk/Contents/Home/jre/lib/jce.jar:/Library/Java/JavaVirtualMachines/jdk1.8.0_144.jdk/Contents/Home/jre/lib/charsets.jar:/Library/Java/JavaVirtualMachines/jdk1.8.0_144.jdk/Contents/Home/jre/lib/jfr.jar:/Library/Java/JavaVirtualMachines/jdk1.8.0_144.jdk/Contents/Home/jre/classes"/>
    <property name="java.vendor" value="Oracle Corporation"/>
    <property name="maven.home" value="/Users/meherchandan/apache-maven-3.5.2"/>
    <property name="file.separator" value="/"/>
    <property name="java.vendor.url.bug" value="http://bugreport.sun.com/bugreport/"/>
    <property name="sun.cpu.endian" value="little"/>
    <property name="sun.io.unicode.encoding" value="UnicodeBig"/>
    <property name="socksNonProxyHosts" value="local|*.local|169.254/16|*.169.254/16"/>
    <property name="ftp.nonProxyHosts" value="local|*.local|169.254/16|*.169.254/16"/>
    <property name="sun.cpu.isalist" value=""/>
  </properties>
  <testcase classname="| TC004_hotel-search_TD1 | 7 | 14 | Paris | ChIJD7fiBh9u5kcRYJSMaMOCCwQ |  |" name="Given create the request with date from next &quot;7&quot; days to &quot;14&quot; days and destination &quot;Paris&quot; and placeid &quot;ChIJD7fiBh9u5kcRYJSMaMOCCwQ&quot; for scenario &quot;TC004_hotel-search_TD1&quot;" time="0"/>
  <testcase classname="| TC004_hotel-search_TD1 | 7 | 14 | Paris | ChIJD7fiBh9u5kcRYJSMaMOCCwQ |  |" name="And add room with &quot;&quot;" time="0"/>
  <testcase classname="| TC004_hotel-search_TD1 | 7 | 14 | Paris | ChIJD7fiBh9u5kcRYJSMaMOCCwQ |  |" name="And Send the hotel-search request" time="0"/>
  <testcase classname="| TC004_hotel-search_TD1 | 7 | 14 | Paris | ChIJD7fiBh9u5kcRYJSMaMOCCwQ |  |" name="Then Verify the hotel-search service status code" time="0"/>
  <testcase classname="| TC004_hotel-search_TD1 | 7 | 14 | Paris | ChIJD7fiBh9u5kcRYJSMaMOCCwQ |  |" name="Then Verify the hotel-search service response schema" time="0"/>
  <testcase classname="| TC004_hotel-search_TD1 | 7 | 14 | Paris | ChIJD7fiBh9u5kcRYJSMaMOCCwQ |  |" name="Then Verify the hotel-search service response headers and primary cookies" time="0"/>
  <testcase classname="| TC004_hotel-search_TD1 | 7 | 14 | Paris | ChIJD7fiBh9u5kcRYJSMaMOCCwQ |  |" name="Then Verify the hotel-search service response data" time="0"/>
  <testcase classname="| TC004_hotel-search_TD1 | 7 | 14 | Paris | ChIJD7fiBh9u5kcRYJSMaMOCCwQ |  |" name="Given Send the hotel-search service request with primary cookies" time="0"/>
  <testcase classname="| TC004_hotel-search_TD1 | 7 | 14 | Paris | ChIJD7fiBh9u5kcRYJSMaMOCCwQ |  |" name="Then Verify the hotel-search service response header" time="0"/>
  <testcase classname="| TC004_hotel-search_TD1 | 7 | 14 | Paris | ChIJD7fiBh9u5kcRYJSMaMOCCwQ |  |" name="Then compare the hotel-search service response data with primary response" time="0"/>
  <testcase classname="| TC004_hotel-search_TD1 | 7 | 14 | Paris | ChIJD7fiBh9u5kcRYJSMaMOCCwQ |  |" name="Then Verify no cookies available in hotel-search response" time="0">
    <failure message="Session not created as cookies are available expected:&lt;0&gt; but was:&lt;5&gt;" type="java.lang.AssertionError">java.lang.AssertionError: Session not created as cookies are available expected:&lt;0&gt; but was:&lt;5&gt;
	at org.junit.Assert.fail(Assert.java:88)
	at org.junit.Assert.failNotEquals(Assert.java:743)
	at org.junit.Assert.assertEquals(Assert.java:118)
	at org.junit.Assert.assertEquals(Assert.java:555)
	at com.tajawal.test.steps.tajawalservicesimpl.HotelSearchSteps.verify_no_cookies_available_in_hotel_search_response(HotelSearchSteps.java:130)
	at ✽.Then Verify no cookies available in hotel-search response(src/test/resources/features/services/hotel-search.feature:60)
</failure>
  </testcase>
  <testcase classname="| TC004_hotel-search_TD1 | 7 | 14 | Paris | ChIJD7fiBh9u5kcRYJSMaMOCCwQ |  |" name="| TC004_hotel-search_TD1 | 7 | 14 | Paris | ChIJD7fiBh9u5kcRYJSMaMOCCwQ |  |" time="0">
    <failure message="Session not created as cookies are available expected:&lt;0&gt; but was:&lt;5&gt;" type="java.lang.AssertionError">java.lang.AssertionError: Session not created as cookies are available expected:&lt;0&gt; but was:&lt;5&gt;
	at org.junit.Assert.fail(Assert.java:88)
	at org.junit.Assert.failNotEquals(Assert.java:743)
	at org.junit.Assert.assertEquals(Assert.java:118)
	at org.junit.Assert.assertEquals(Assert.java:555)
	at com.tajawal.test.steps.tajawalservicesimpl.HotelSearchSteps.verify_no_cookies_available_in_hotel_search_response(HotelSearchSteps.java:130)
	at ✽.Then Verify no cookies available in hotel-search response(src/test/resources/features/services/hotel-search.feature:60)
</failure>
  </testcase>
</testsuite>